749
58
523
674
599
919
705
218
402
65
891
428
419
651
984
207
173
794
206
547
250
548
37
578
263
36
12
410
242
527
666
124
583
607
686
155
345
482
117
150
337
873
108
32
940
343
180
115
495
248
562
53
330
129
879
632
501
355
750
249
801
615
359
932
114
390
918
662
904
624
793
152
563
598
601
589
464
699
403
542
383
310
46
941
445
269
630
204
191
413
484
224
769
945
327
394
995
788
825
813
876
146
814
929
128
288
262
603
774
960
338
872
95
49
350
182
414
980
816
243
681
806
185
437
119
471
71
161
710
432
492
434
856
318
521
735
866
64
797
915
409
162
965
246
172
375
214
105
234
912
800
401
51
270
840
447
765
498
444
20
885
770
676
740
382
311 233
835
525
616 121
344
732 210
508 592
407
721
456 811
704 690
582
832
165
179 135
725 16
559 164
302 315
241 602
208 851
27
753
996
584 261
628
89 380
341
507 212
352 430
726
197 691
516 60
645 268
576 538
80
993
512
416 43
973
588 766
4 332
314 317
462 839
81 489
617
198
470
349 378
708 850
837
863 203
572
841
962 649
106 439
125 194
820 396
539 713
368
423 74
78 276
880 790
614 29
706 176
145 14
828
131
707 693
154 192
70 319
127 333
612
169
865 886
497 971
138
479 170
381 205
761 722
251 39
664
202 140
405
956
573
347 483
824
93
878 719
90 75
671 682
831 73
245 279
771 122
487
899 342
372
606 730
159 328
504 874
728 477
896 819
638 493
846
18
211 293
87 397
391 442
50 112
147
23 842
567 220
480 772
992 213
301 747
277 621
485 316
13 258
905 983
792 209
777 778
987 7
94
998 875
290
944 997
864 519
339
739 848
657
465
541 45
490
61
329 374
376
361 421
387 767
3 225
830 412
594 975
712 193
608
553
970 727
8
860 62
429 298
779 506
451 680
663 274
870 526
939 556
756 453
620
189 978
650 724
887 658
5 809
275 351
972 77
836 56
389 593
743 240
30
364 239
803 520
272 284
609
216 326
530 560
643
99
550 639
411 425
34 807
475
736 827
300 340
969 17
450 611
746 741
35 100
196 646
677 356
551 869
936 656
292 446
500 565
610 906
367 938
921 935
48 776
622
255 178
463 849
579
393 669
977
365
358 754
509 312
102
9 787
118
353
913 441
287 325
153
392
964 132
435 605
41 460
757 823
844 406
388
926 591
619
436 604
847
963 574
760
821 786
858
458
714
950 764
888 278
433 702
533 687
467 303
775 334
22 626
181 354
254 235
369 815
296 667
744
103 893
286 784
156
773
745 33
265 804
320 829
796
502 267
457 672
96
260 141
877 515
532 536
499 640
768 785
281 854
231
889 678
718 283
88
679 357
201 323
923 822
951 346
11 491
511
613 473
360 652
648 733
641 925
546 642
404 379
627 933
688 177
907 514
845 222
120 596
28 959
305 908
729 791
812 400
629 377
543
109 859
654 575
38 955
101
228 186
900 184
755 174
92 917
247 230
924 655
554 142
857
139 826
802 694
149 738
111 597
348 692
472 780
313 136
852 232
151
986 63
623 948
195
570 922
91
749
54
644 540
98 309
113 569
468 107
717
867 420
19 531
443
21 24
331
321
954 914
723 448
148 1
83 308
217 282
187 843
994 966
474
982
481
25 299
855 486
252
422
438
137
890 748
555 431
561 647
665
167 931
799 976
557 734
503
362 229
47
909
370 742
219 989
166 895
942 110
488 42
513
958
289
461
659
752
751
10
280
549 440
894
544
534
227
695
455
386
31
285
991
716
697
40
133
564
385
199
72
810
171
478
237
97
798
927
930
126
116
897
454
408
967
881
163
82
758
259
571
524
737
961
661
336
701
566
817
266
910
635
257
26
395
168
862
957
763
371
417
838
883
157
633
580
452
853
631
59
6
68
528
469
160
143
715
928
943
808
937
55
698
188
916
974
882
537
934
949
731
762
953
898
271
795
130
577
552
304
67
625
244
759
226
295
384
522
291
158
84
660
85
920
264
238
861
711
805
903
868
215
720
424
952
466
175
236
398
517
901
415
675
781
69
200
581
366
668
637
256
223
86
782
892
709
76
703
535
363
123
104
44
911
981
600
66
335
221
985
636
518
545
399
558
253
418
683
494
586
529
373
595
834
510
988
427
979
297
15
273
684
2
999
322
134
947
902
696
789
968
144
587
0
183
818
324
833
685
700
689
307
783
476
673
459
653
306
57
568
990
871
670
52
634
496
884
426
585
590
449
79
946
618
190
